<?xml version="1.0" encoding="UTF-8"?>
<testsuite xmlns:xsi="http://www.w3.org/2001/XMLSchema-instance" xsi:noNamespaceSchemaLocation="https://maven.apache.org/surefire/maven-surefire-plugin/xsd/surefire-test-report.xsd" version="3.0.2" name="iuh.fit.Lab01ApplicationTests" time="5.359" tests="1" errors="0" skipped="0" failures="0">
  <properties>
[...]
</properties>
  <testcase name="contextLoads" classname="iuh.fit.Lab01ApplicationTests" time="1.384">
    <system-out><![CDATA[19:12:35.855 [main] INFO org.springframework.test.context.support.AnnotationConfigContextLoaderUtils -- Could not detect default configuration classes for test class [iuh.fit.Lab01ApplicationTests]: Lab01ApplicationTests does not declare any static, non-private, non-final, nested classes annotated with @Configuration.
19:12:36.061 [main] INFO org.springframework.boot.test.context.SpringBootTestContextBootstrapper -- Found @SpringBootConfiguration iuh.fit.Lab01Application for test class iuh.fit.Lab01ApplicationTests

  .   ____          _            __ _ _
 /\\ / ___'_ __ _ _(_)_ __  __ _ \ \ \ \
( ( )\___ | '_ | '_| | '_ \/ _` | \ \ \ \
 \\/  ___)| |_)| | | | | || (_| |  ) ) ) )
  '  |____| .__|_| |_|_| |_\__, | / / / /
 =========|_|==============|___/=/_/_/_/

 :: Spring Boot ::                (v4.0.1)

2026-01-21T19:12:36.859+07:00  INFO 15236 --- [Lab01] [           main] iuh.fit.Lab01ApplicationTests            : Starting Lab01ApplicationTests using Java 21.0.8 with PID 15236 (started by tai in E:\KienTrucPhanMem\Labs\Lab_KienTrucPhanMem\Lab01)
2026-01-21T19:12:36.861+07:00  INFO 15236 --- [Lab01] [           main] iuh.fit.Lab01ApplicationTests            : No active profile set, falling back to 1 default profile: "default"
2026-01-21T19:12:39.386+07:00  INFO 15236 --- [Lab01] [           main] iuh.fit.Lab01ApplicationTests            : Started Lab01ApplicationTests in 3.035 seconds (process running for 5.917)
]]></system-out>
    <system-err><![CDATA[Mockito is currently self-attaching to enable the inline-mock-maker. This will no longer work in future releases of the JDK. Please add Mockito as an agent to your build as described in Mockito's documentation: https://javadoc.io/doc/org.mockito/mockito-core/latest/org.mockito/org/mockito/Mockito.html#0.3
WARNING: A Java agent has been loaded dynamically (C:\Users\tai\.m2\repository\net\bytebuddy\byte-buddy-agent\1.17.8\byte-buddy-agent-1.17.8.jar)
WARNING: If a serviceability tool is in use, please run with -XX:+EnableDynamicAgentLoading to hide this warning
WARNING: If a serviceability tool is not in use, please run with -Djdk.instrument.traceUsage for more information
WARNING: Dynamic loading of agents will be disallowed by default in a future release
]]></system-err>
  </testcase>
</testsuite>